2023-04-24 17:29:05,622 INFO [main] i.g.b.w.WebDriverManager [WebDriverManager.java:966] Using chromedriver 112.0.5615.49 (resolved driver for Chrome 112)
2023-04-24 17:29:05,659 INFO [main] i.g.b.w.WebDriverManager [WebDriverManager.java:1021] Exporting webdriver.chrome.driver as C:\Users\adamj\.cache\selenium\chromedriver\win32\112.0.5615.49\chromedriver.exe
2023-04-24 17:29:54,907 INFO [main] i.g.b.w.WebDriverManager [WebDriverManager.java:966] Using chromedriver 112.0.5615.49 (resolved driver for Chrome 112)
2023-04-24 17:29:54,949 INFO [main] i.g.b.w.WebDriverManager [WebDriverManager.java:1021] Exporting webdriver.chrome.driver as C:\Users\adamj\.cache\selenium\chromedriver\win32\112.0.5615.49\chromedriver.exe
2023-04-24 17:33:08,394 INFO [main] i.g.b.w.WebDriverManager [WebDriverManager.java:966] Using chromedriver 112.0.5615.49 (resolved driver for Chrome 112)
2023-04-24 17:33:08,436 INFO [main] i.g.b.w.WebDriverManager [WebDriverManager.java:1021] Exporting webdriver.chrome.driver as C:\Users\adamj\.cache\selenium\chromedriver\win32\112.0.5615.49\chromedriver.exe
2023-04-24 17:34:19,488 INFO [main] i.g.b.w.WebDriverManager [WebDriverManager.java:966] Using chromedriver 112.0.5615.49 (resolved driver for Chrome 112)
2023-04-24 17:34:19,527 INFO [main] i.g.b.w.WebDriverManager [WebDriverManager.java:1021] Exporting webdriver.chrome.driver as C:\Users\adamj\.cache\selenium\chromedriver\win32\112.0.5615.49\chromedriver.exe
2023-04-24 17:35:03,279 INFO [main] i.g.b.w.WebDriverManager [WebDriverManager.java:966] Using chromedriver 112.0.5615.49 (resolved driver for Chrome 112)
2023-04-24 17:35:03,323 INFO [main] i.g.b.w.WebDriverManager [WebDriverManager.java:1021] Exporting webdriver.chrome.driver as C:\Users\adamj\.cache\selenium\chromedriver\win32\112.0.5615.49\chromedriver.exe
2023-04-24 17:38:00,770 INFO [main] i.g.b.w.WebDriverManager [WebDriverManager.java:966] Using chromedriver 112.0.5615.49 (resolved driver for Chrome 112)
2023-04-24 17:38:00,818 INFO [main] i.g.b.w.WebDriverManager [WebDriverManager.java:1021] Exporting webdriver.chrome.driver as C:\Users\adamj\.cache\selenium\chromedriver\win32\112.0.5615.49\chromedriver.exe
2023-04-24 17:38:41,153 INFO [main] i.g.b.w.WebDriverManager [WebDriverManager.java:966] Using chromedriver 112.0.5615.49 (resolved driver for Chrome 112)
2023-04-24 17:38:41,189 INFO [main] i.g.b.w.WebDriverManager [WebDriverManager.java:1021] Exporting webdriver.chrome.driver as C:\Users\adamj\.cache\selenium\chromedriver\win32\112.0.5615.49\chromedriver.exe
2023-04-24 17:39:08,188 INFO [main] i.g.b.w.WebDriverManager [WebDriverManager.java:966] Using chromedriver 112.0.5615.49 (resolved driver for Chrome 112)
2023-04-24 17:39:08,225 INFO [main] i.g.b.w.WebDriverManager [WebDriverManager.java:1021] Exporting webdriver.chrome.driver as C:\Users\adamj\.cache\selenium\chromedriver\win32\112.0.5615.49\chromedriver.exe
2023-04-24 17:39:59,457 INFO [main] i.g.b.w.WebDriverManager [WebDriverManager.java:966] Using chromedriver 112.0.5615.49 (resolved driver for Chrome 112)
2023-04-24 17:39:59,498 INFO [main] i.g.b.w.WebDriverManager [WebDriverManager.java:1021] Exporting webdriver.chrome.driver as C:\Users\adamj\.cache\selenium\chromedriver\win32\112.0.5615.49\chromedriver.exe
2023-04-24 17:40:20,602 INFO [main] i.g.b.w.WebDriverManager [WebDriverManager.java:966] Using chromedriver 112.0.5615.49 (resolved driver for Chrome 112)
2023-04-24 17:40:20,643 INFO [main] i.g.b.w.WebDriverManager [WebDriverManager.java:1021] Exporting webdriver.chrome.driver as C:\Users\adamj\.cache\selenium\chromedriver\win32\112.0.5615.49\chromedriver.exe
2023-04-24 17:40:46,305 INFO [main] i.g.b.w.WebDriverManager [WebDriverManager.java:966] Using chromedriver 112.0.5615.49 (resolved driver for Chrome 112)
2023-04-24 17:40:46,351 INFO [main] i.g.b.w.WebDriverManager [WebDriverManager.java:1021] Exporting webdriver.chrome.driver as C:\Users\adamj\.cache\selenium\chromedriver\win32\112.0.5615.49\chromedriver.exe
2023-04-24 17:41:08,041 INFO [main] i.g.b.w.WebDriverManager [WebDriverManager.java:966] Using chromedriver 112.0.5615.49 (resolved driver for Chrome 112)
2023-04-24 17:41:08,079 INFO [main] i.g.b.w.WebDriverManager [WebDriverManager.java:1021] Exporting webdriver.chrome.driver as C:\Users\adamj\.cache\selenium\chromedriver\win32\112.0.5615.49\chromedriver.exe
2023-04-24 17:41:43,463 INFO [main] i.g.b.w.WebDriverManager [WebDriverManager.java:966] Using chromedriver 112.0.5615.49 (resolved driver for Chrome 112)
2023-04-24 17:41:43,507 INFO [main] i.g.b.w.WebDriverManager [WebDriverManager.java:1021] Exporting webdriver.chrome.driver as C:\Users\adamj\.cache\selenium\chromedriver\win32\112.0.5615.49\chromedriver.exe
2023-04-24 17:50:10,808 INFO [main] i.g.b.w.WebDriverManager [WebDriverManager.java:966] Using chromedriver 112.0.5615.49 (resolved driver for Chrome 112)
2023-04-24 17:50:10,850 INFO [main] i.g.b.w.WebDriverManager [WebDriverManager.java:1021] Exporting webdriver.chrome.driver as C:\Users\adamj\.cache\selenium\chromedriver\win32\112.0.5615.49\chromedriver.exe
2023-04-24 17:51:27,450 INFO [main] i.g.b.w.WebDriverManager [WebDriverManager.java:966] Using chromedriver 112.0.5615.49 (resolved driver for Chrome 112)
2023-04-24 17:51:27,491 INFO [main] i.g.b.w.WebDriverManager [WebDriverManager.java:1021] Exporting webdriver.chrome.driver as C:\Users\adamj\.cache\selenium\chromedriver\win32\112.0.5615.49\chromedriver.exe
2023-04-24 17:57:19,495 INFO [main] i.g.b.w.WebDriverManager [WebDriverManager.java:966] Using chromedriver 112.0.5615.49 (resolved driver for Chrome 112)
2023-04-24 17:57:19,539 INFO [main] i.g.b.w.WebDriverManager [WebDriverManager.java:1021] Exporting webdriver.chrome.driver as C:\Users\adamj\.cache\selenium\chromedriver\win32\112.0.5615.49\chromedriver.exe
2023-04-24 17:58:00,471 INFO [main] i.g.b.w.WebDriverManager [WebDriverManager.java:966] Using chromedriver 112.0.5615.49 (resolved driver for Chrome 112)
2023-04-24 17:58:00,510 INFO [main] i.g.b.w.WebDriverManager [WebDriverManager.java:1021] Exporting webdriver.chrome.driver as C:\Users\adamj\.cache\selenium\chromedriver\win32\112.0.5615.49\chromedriver.exe
2023-04-24 17:58:20,092 INFO [main] i.g.b.w.WebDriverManager [WebDriverManager.java:966] Using chromedriver 112.0.5615.49 (resolved driver for Chrome 112)
2023-04-24 17:58:20,133 INFO [main] i.g.b.w.WebDriverManager [WebDriverManager.java:1021] Exporting webdriver.chrome.driver as C:\Users\adamj\.cache\selenium\chromedriver\win32\112.0.5615.49\chromedriver.exe
2023-04-24 17:59:01,531 INFO [main] i.g.b.w.WebDriverManager [WebDriverManager.java:966] Using chromedriver 112.0.5615.49 (resolved driver for Chrome 112)
2023-04-24 17:59:01,577 INFO [main] i.g.b.w.WebDriverManager [WebDriverManager.java:1021] Exporting webdriver.chrome.driver as C:\Users\adamj\.cache\selenium\chromedriver\win32\112.0.5615.49\chromedriver.exe
2023-04-24 18:01:12,004 INFO [main] i.g.b.w.WebDriverManager [WebDriverManager.java:966] Using chromedriver 112.0.5615.49 (resolved driver for Chrome 112)
2023-04-24 18:01:12,043 INFO [main] i.g.b.w.WebDriverManager [WebDriverManager.java:1021] Exporting webdriver.chrome.driver as C:\Users\adamj\.cache\selenium\chromedriver\win32\112.0.5615.49\chromedriver.exe
2023-04-24 18:01:27,309 INFO [main] i.g.b.w.WebDriverManager [WebDriverManager.java:966] Using chromedriver 112.0.5615.49 (resolved driver for Chrome 112)
2023-04-24 18:01:27,356 INFO [main] i.g.b.w.WebDriverManager [WebDriverManager.java:1021] Exporting webdriver.chrome.driver as C:\Users\adamj\.cache\selenium\chromedriver\win32\112.0.5615.49\chromedriver.exe
2023-04-24 18:02:51,704 INFO [main] i.g.b.w.WebDriverManager [WebDriverManager.java:966] Using chromedriver 112.0.5615.49 (resolved driver for Chrome 112)
2023-04-24 18:02:51,740 INFO [main] i.g.b.w.WebDriverManager [WebDriverManager.java:1021] Exporting webdriver.chrome.driver as C:\Users\adamj\.cache\selenium\chromedriver\win32\112.0.5615.49\chromedriver.exe
2023-04-24 18:04:08,911 INFO [main] i.g.b.w.WebDriverManager [WebDriverManager.java:966] Using chromedriver 112.0.5615.49 (resolved driver for Chrome 112)
2023-04-24 18:04:08,955 INFO [main] i.g.b.w.WebDriverManager [WebDriverManager.java:1021] Exporting webdriver.chrome.driver as C:\Users\adamj\.cache\selenium\chromedriver\win32\112.0.5615.49\chromedriver.exe
2023-04-24 18:09:42,193 INFO [main] i.g.b.w.WebDriverManager [WebDriverManager.java:966] Using chromedriver 112.0.5615.49 (resolved driver for Chrome 112)
2023-04-24 18:09:42,226 INFO [main] i.g.b.w.WebDriverManager [WebDriverManager.java:1021] Exporting webdriver.chrome.driver as C:\Users\adamj\.cache\selenium\chromedriver\win32\112.0.5615.49\chromedriver.exe
2023-04-24 18:10:40,445 INFO [main] i.g.b.w.WebDriverManager [WebDriverManager.java:966] Using chromedriver 112.0.5615.49 (resolved driver for Chrome 112)
2023-04-24 18:10:40,483 INFO [main] i.g.b.w.WebDriverManager [WebDriverManager.java:1021] Exporting webdriver.chrome.driver as C:\Users\adamj\.cache\selenium\chromedriver\win32\112.0.5615.49\chromedriver.exe
2023-04-24 18:23:43,691 INFO [main] i.g.b.w.WebDriverManager [WebDriverManager.java:966] Using chromedriver 112.0.5615.49 (resolved driver for Chrome 112)
2023-04-24 18:23:43,732 INFO [main] i.g.b.w.WebDriverManager [WebDriverManager.java:1021] Exporting webdriver.chrome.driver as C:\Users\adamj\.cache\selenium\chromedriver\win32\112.0.5615.49\chromedriver.exe
2023-04-24 18:23:49,251 INFO [main] o.e.Logback [Logback.java:17] User home page loaded.
2023-04-24 18:23:51,059 INFO [main] o.e.Logback [Logback.java:15] Posting was successful.
2023-04-24 18:24:16,768 INFO [main] i.g.b.w.WebDriverManager [WebDriverManager.java:966] Using chromedriver 112.0.5615.49 (resolved driver for Chrome 112)
2023-04-24 18:24:16,814 INFO [main] i.g.b.w.WebDriverManager [WebDriverManager.java:1021] Exporting webdriver.chrome.driver as C:\Users\adamj\.cache\selenium\chromedriver\win32\112.0.5615.49\chromedriver.exe
2023-04-24 18:26:37,376 INFO [main] i.g.b.w.WebDriverManager [WebDriverManager.java:966] Using chromedriver 112.0.5615.49 (resolved driver for Chrome 112)
2023-04-24 18:26:37,391 INFO [main] i.g.b.w.WebDriverManager [WebDriverManager.java:1021] Exporting webdriver.chrome.driver as C:\Users\adamj\.cache\selenium\chromedriver\win32\112.0.5615.49\chromedriver.exe
2023-04-24 18:28:13,746 INFO [main] i.g.b.w.WebDriverManager [WebDriverManager.java:966] Using chromedriver 112.0.5615.49 (resolved driver for Chrome 112)
2023-04-24 18:28:13,787 INFO [main] i.g.b.w.WebDriverManager [WebDriverManager.java:1021] Exporting webdriver.chrome.driver as C:\Users\adamj\.cache\selenium\chromedriver\win32\112.0.5615.49\chromedriver.exe
2023-04-24 18:28:15,275 ERROR [main] o.e.Logback [Logback.java:18] User home page not loaded correctly. Is there another Chrome window open?
2023-04-24 18:28:40,008 INFO [main] i.g.b.w.WebDriverManager [WebDriverManager.java:966] Using chromedriver 112.0.5615.49 (resolved driver for Chrome 112)
2023-04-24 18:28:40,047 INFO [main] i.g.b.w.WebDriverManager [WebDriverManager.java:1021] Exporting webdriver.chrome.driver as C:\Users\adamj\.cache\selenium\chromedriver\win32\112.0.5615.49\chromedriver.exe
2023-04-24 18:28:45,363 INFO [main] o.e.Logback [Logback.java:17] User home page loaded.
2023-04-24 18:28:46,546 INFO [main] o.e.Logback [Logback.java:17] User home page loaded.
2023-04-24 18:28:48,627 INFO [main] o.e.Logback [Logback.java:15] Posting was successful.
2023-04-24 18:35:12,929 INFO [main] i.g.b.w.WebDriverManager [WebDriverManager.java:966] Using chromedriver 112.0.5615.49 (resolved driver for Chrome 112)
2023-04-24 18:35:12,974 INFO [main] i.g.b.w.WebDriverManager [WebDriverManager.java:1021] Exporting webdriver.chrome.driver as C:\Users\adamj\.cache\selenium\chromedriver\win32\112.0.5615.49\chromedriver.exe
2023-04-24 18:35:18,124 INFO [main] o.e.Logback [Logback.java:17] User home page loaded.
2023-04-24 18:35:20,114 INFO [main] o.e.Logback [Logback.java:15] Posting was successful.
2023-04-24 18:37:59,225 INFO [main] i.g.b.w.WebDriverManager [WebDriverManager.java:966] Using chromedriver 112.0.5615.49 (resolved driver for Chrome 112)
2023-04-24 18:37:59,260 INFO [main] i.g.b.w.WebDriverManager [WebDriverManager.java:1021] Exporting webdriver.chrome.driver as C:\Users\adamj\.cache\selenium\chromedriver\win32\112.0.5615.49\chromedriver.exe
2023-04-24 18:38:04,574 INFO [main] o.e.Logback [Logback.java:17] User home page loaded.
2023-04-24 18:38:06,026 INFO [main] o.e.Logback [Logback.java:15] Posting was successful.
2023-04-24 18:40:38,264 INFO [main] i.g.b.w.WebDriverManager [WebDriverManager.java:966] Using chromedriver 112.0.5615.49 (resolved driver for Chrome 112)
2023-04-24 18:40:38,302 INFO [main] i.g.b.w.WebDriverManager [WebDriverManager.java:1021] Exporting webdriver.chrome.driver as C:\Users\adamj\.cache\selenium\chromedriver\win32\112.0.5615.49\chromedriver.exe
2023-04-24 18:43:29,836 INFO [main] i.g.b.w.WebDriverManager [WebDriverManager.java:966] Using chromedriver 112.0.5615.49 (resolved driver for Chrome 112)
2023-04-24 18:43:29,878 INFO [main] i.g.b.w.WebDriverManager [WebDriverManager.java:1021] Exporting webdriver.chrome.driver as C:\Users\adamj\.cache\selenium\chromedriver\win32\112.0.5615.49\chromedriver.exe
2023-04-24 18:43:31,364 ERROR [main] o.e.Logback [Logback.java:18] User home page not loaded correctly. Is there another Chrome window open?
2023-04-25 09:41:06,402 INFO [main] i.g.b.w.WebDriverManager [WebDriverManager.java:966] Using chromedriver 112.0.5615.49 (resolved driver for Chrome 112)
2023-04-25 09:41:06,422 INFO [main] i.g.b.w.WebDriverManager [WebDriverManager.java:1021] Exporting webdriver.chrome.driver as C:\Users\adamj\.cache\selenium\chromedriver\win32\112.0.5615.49\chromedriver.exe
2023-04-25 09:41:13,150 INFO [main] o.e.Logback [Logback.java:17] User home page loaded.
2023-04-25 09:41:14,477 INFO [main] o.e.Logback [Logback.java:15] Posting was successful.
2023-04-25 09:47:39,326 INFO [main] i.g.b.w.WebDriverManager [WebDriverManager.java:966] Using chromedriver 112.0.5615.49 (resolved driver for Chrome 112)
2023-04-25 09:47:39,362 INFO [main] i.g.b.w.WebDriverManager [WebDriverManager.java:1021] Exporting webdriver.chrome.driver as C:\Users\adamj\.cache\selenium\chromedriver\win32\112.0.5615.49\chromedriver.exe
2023-04-25 09:47:40,771 ERROR [main] o.e.Logback [Logback.java:18] User home page not loaded correctly. Is there another Chrome window open?
2023-04-25 09:48:07,850 INFO [main] i.g.b.w.WebDriverManager [WebDriverManager.java:966] Using chromedriver 112.0.5615.49 (resolved driver for Chrome 112)
2023-04-25 09:48:07,892 INFO [main] i.g.b.w.WebDriverManager [WebDriverManager.java:1021] Exporting webdriver.chrome.driver as C:\Users\adamj\.cache\selenium\chromedriver\win32\112.0.5615.49\chromedriver.exe
2023-04-25 09:48:18,029 INFO [main] o.e.Logback [Logback.java:17] User home page loaded.
2023-04-25 09:48:20,220 INFO [main] o.e.Logback [Logback.java:15] Posting was successful.
